# JRE version: OpenJDK Runtime Environment Temurin-17.0.15+6 (17.0.15+6) (build 17.0.15+6)
# Java VM: OpenJDK Client VM Temurin-17.0.15+6 (17.0.15+6, mixed mode, emulated-client, serial gc, windows-x86)
GC Precious Log:
 CPUs: 16 total, 16 available
 Memory: 16085M
 Large Page Support: Disabled
 NUMA Support: Disabled
 Compressed Oops: Disabled
 Heap Min Capacity: 6M
 Heap Initial Capacity: 16M
 Heap Max Capacity: 1536M
 Pre-touch: Disabled
Heap:
 def new generation   total 136256K, used 62631K [0x05400000, 0x0e7d0000, 0x25400000)
  eden space 121152K,  47% used [0x05400000, 0x08b9f5a0, 0x0ca50000)
  from space 15104K,  37% used [0x0ca50000, 0x0cfda9e0, 0x0d910000)
  to   space 15104K,   0% used [0x0d910000, 0x0d910000, 0x0e7d0000)
 tenured generation   total 301328K, used 200463K [0x25400000, 0x37a44000, 0x65400000)
   the space 301328K,  66% used [0x25400000, 0x317c3f38, 0x317c4000, 0x37a44000)
 Metaspace       used 97673K, committed 98176K, reserved 98304K
GC Heap History (20 events):
Event: 343.162 GC heap before
{Heap before GC invocations=229 (full 10):
 def new generation   total 136256K, used 121152K [0x05400000, 0x0e7d0000, 0x25400000)
  eden space 121152K, 100% used [0x05400000, 0x0ca50000, 0x0ca50000)
  from space 15104K,   0% used [0x0ca50000, 0x0ca50000, 0x0d910000)
  to   space 15104K,   0% used [0x0d910000, 0x0d910000, 0x0e7d0000)
 tenured generation   total 301328K, used 180796K [0x25400000, 0x37a44000, 0x65400000)
   the space 301328K,  59% used [0x25400000, 0x3048f0a8, 0x3048f200, 0x37a44000)
 Metaspace       used 90382K, committed 90880K, reserved 98304K
}
Event: 343.175 GC heap after
{Heap after GC invocations=230 (full 10):
 def new generation   total 136256K, used 5240K [0x05400000, 0x0e7d0000, 0x25400000)
  eden space 121152K,   0% used [0x05400000, 0x05400000, 0x0ca50000)
  from space 15104K,  34% used [0x0d910000, 0x0de2e028, 0x0e7d0000)
  to   space 15104K,   0% used [0x0ca50000, 0x0ca50000, 0x0d910000)
 tenured generation   total 301328K, used 180796K [0x25400000, 0x37a44000, 0x65400000)
   the space 301328K,  59% used [0x25400000, 0x3048f0a8, 0x3048f200, 0x37a44000)
 Metaspace       used 90382K, committed 90880K, reserved 98304K
}
Event: 343.391 GC heap before
{Heap before GC invocations=230 (full 10):
 def new generation   total 136256K, used 126392K [0x05400000, 0x0e7d0000, 0x25400000)
  eden space 121152K, 100% used [0x05400000, 0x0ca50000, 0x0ca50000)
  from space 15104K,  34% used [0x0d910000, 0x0de2e028, 0x0e7d0000)
  to   space 15104K,   0% used [0x0ca50000, 0x0ca50000, 0x0d910000)
 tenured generation   total 301328K, used 180796K [0x25400000, 0x37a44000, 0x65400000)
   the space 301328K,  59% used [0x25400000, 0x3048f0a8, 0x3048f200, 0x37a44000)
 Metaspace       used 90422K, committed 90944K, reserved 98304K
}
Event: 343.398 GC heap after
{Heap after GC invocations=231 (full 10):
 def new generation   total 136256K, used 4713K [0x05400000, 0x0e7d0000, 0x25400000)
  eden space 121152K,   0% used [0x05400000, 0x05400000, 0x0ca50000)
  from space 15104K,  31% used [0x0ca50000, 0x0ceea450, 0x0d910000)
  to   space 15104K,   0% used [0x0d910000, 0x0d910000, 0x0e7d0000)
 tenured generation   total 301328K, used 180796K [0x25400000, 0x37a44000, 0x65400000)
   the space 301328K,  59% used [0x25400000, 0x3048f0a8, 0x3048f200, 0x37a44000)
 Metaspace       used 90422K, committed 90944K, reserved 98304K
}
Event: 345.386 GC heap before
{Heap before GC invocations=231 (full 10):
 def new generation   total 136256K, used 125865K [0x05400000, 0x0e7d0000, 0x25400000)
  eden space 121152K, 100% used [0x05400000, 0x0ca50000, 0x0ca50000)
  from space 15104K,  31% used [0x0ca50000, 0x0ceea450, 0x0d910000)
  to   space 15104K,   0% used [0x0d910000, 0x0d910000, 0x0e7d0000)
 tenured generation   total 301328K, used 180796K [0x25400000, 0x37a44000, 0x65400000)
   the space 301328K,  59% used [0x25400000, 0x3048f0a8, 0x3048f200, 0x37a44000)
 Metaspace       used 90768K, committed 91264K, reserved 98304K
}
Event: 345.393 GC heap after
{Heap after GC invocations=232 (full 10):
 def new generation   total 136256K, used 4883K [0x05400000, 0x0e7d0000, 0x25400000)
  eden space 121152K,   0% used [0x05400000, 0x05400000, 0x0ca50000)
  from space 15104K,  32% used [0x0d910000, 0x0ddd4fe8, 0x0e7d0000)
  to   space 15104K,   0% used [0x0ca50000, 0x0ca50000, 0x0d910000)
 tenured generation   total 301328K, used 180796K [0x25400000, 0x37a44000, 0x65400000)
   the space 301328K,  59% used [0x25400000, 0x3048f0a8, 0x3048f200, 0x37a44000)
 Metaspace       used 90768K, committed 91264K, reserved 98304K
}
Event: 346.116 GC heap before
{Heap before GC invocations=232 (full 10):
 def new generation   total 136256K, used 126033K [0x05400000, 0x0e7d0000, 0x25400000)
  eden space 121152K,  99% used [0x05400000, 0x0ca4f7b8, 0x0ca50000)
  from space 15104K,  32% used [0x0d910000, 0x0ddd4fe8, 0x0e7d0000)
  to   space 15104K,   0% used [0x0ca50000, 0x0ca50000, 0x0d910000)
 tenured generation   total 301328K, used 180796K [0x25400000, 0x37a44000, 0x65400000)
   the space 301328K,  59% used [0x25400000, 0x3048f0a8, 0x3048f200, 0x37a44000)
 Metaspace       used 96743K, committed 97280K, reserved 98304K
}
Event: 346.132 GC heap after
{Heap after GC invocations=233 (full 10):
 def new generation   total 136256K, used 12172K [0x05400000, 0x0e7d0000, 0x25400000)
  eden space 121152K,   0% used [0x05400000, 0x05400000, 0x0ca50000)
  from space 15104K,  80% used [0x0ca50000, 0x0d633098, 0x0d910000)
  to   space 15104K,   0% used [0x0d910000, 0x0d910000, 0x0e7d0000)
 tenured generation   total 301328K, used 180796K [0x25400000, 0x37a44000, 0x65400000)
   the space 301328K,  59% used [0x25400000, 0x3048f0a8, 0x3048f200, 0x37a44000)
 Metaspace       used 96743K, committed 97280K, reserved 98304K
}
Event: 346.258 GC heap before
{Heap before GC invocations=233 (full 10):
 def new generation   total 136256K, used 133324K [0x05400000, 0x0e7d0000, 0x25400000)
  eden space 121152K, 100% used [0x05400000, 0x0ca50000, 0x0ca50000)
  from space 15104K,  80% used [0x0ca50000, 0x0d633098, 0x0d910000)
  to   space 15104K,   0% used [0x0d910000, 0x0d910000, 0x0e7d0000)
 tenured generation   total 301328K, used 180796K [0x25400000, 0x37a44000, 0x65400000)
   the space 301328K,  59% used [0x25400000, 0x3048f0a8, 0x3048f200, 0x37a44000)
 Metaspace       used 96748K, committed 97280K, reserved 98304K
}
Event: 346.286 GC heap after
{Heap after GC invocations=234 (full 10):
 def new generation   total 136256K, used 12694K [0x05400000, 0x0e7d0000, 0x25400000)
  eden space 121152K,   0% used [0x05400000, 0x05400000, 0x0ca50000)
  from space 15104K,  84% used [0x0d910000, 0x0e5758e8, 0x0e7d0000)
  to   space 15104K,   0% used [0x0ca50000, 0x0ca50000, 0x0d910000)
 tenured generation   total 301328K, used 185445K [0x25400000, 0x37a44000, 0x65400000)
   the space 301328K,  61% used [0x25400000, 0x30919518, 0x30919600, 0x37a44000)
 Metaspace       used 96748K, committed 97280K, reserved 98304K
}
Event: 346.423 GC heap before
{Heap before GC invocations=234 (full 10):
 def new generation   total 136256K, used 133846K [0x05400000, 0x0e7d0000, 0x25400000)
  eden space 121152K, 100% used [0x05400000, 0x0ca50000, 0x0ca50000)
  from space 15104K,  84% used [0x0d910000, 0x0e5758e8, 0x0e7d0000)
  to   space 15104K,   0% used [0x0ca50000, 0x0ca50000, 0x0d910000)
 tenured generation   total 301328K, used 185445K [0x25400000, 0x37a44000, 0x65400000)
   the space 301328K,  61% used [0x25400000, 0x30919518, 0x30919600, 0x37a44000)
 Metaspace       used 96752K, committed 97344K, reserved 98304K
}
Event: 346.443 GC heap after
{Heap after GC invocations=235 (full 10):
 def new generation   total 136256K, used 3317K [0x05400000, 0x0e7d0000, 0x25400000)
  eden space 121152K,   0% used [0x05400000, 0x05400000, 0x0ca50000)
  from space 15104K,  21% used [0x0ca50000, 0x0cd8d670, 0x0d910000)
  to   space 15104K,   0% used [0x0d910000, 0x0d910000, 0x0e7d0000)
 tenured generation   total 301328K, used 195834K [0x25400000, 0x37a44000, 0x65400000)
   the space 301328K,  64% used [0x25400000, 0x3133e8b0, 0x3133ea00, 0x37a44000)
 Metaspace       used 96752K, committed 97344K, reserved 98304K
}
Event: 346.618 GC heap before
{Heap before GC invocations=235 (full 10):
 def new generation   total 136256K, used 124469K [0x05400000, 0x0e7d0000, 0x25400000)
  eden space 121152K, 100% used [0x05400000, 0x0ca50000, 0x0ca50000)
  from space 15104K,  21% used [0x0ca50000, 0x0cd8d670, 0x0d910000)
  to   space 15104K,   0% used [0x0d910000, 0x0d910000, 0x0e7d0000)
 tenured generation   total 301328K, used 195834K [0x25400000, 0x37a44000, 0x65400000)
   the space 301328K,  64% used [0x25400000, 0x3133e8b0, 0x3133ea00, 0x37a44000)
 Metaspace       used 96753K, committed 97344K, reserved 98304K
}
Event: 346.627 GC heap after
{Heap after GC invocations=236 (full 10):
 def new generation   total 136256K, used 5123K [0x05400000, 0x0e7d0000, 0x25400000)
  eden space 121152K,   0% used [0x05400000, 0x05400000, 0x0ca50000)
  from space 15104K,  33% used [0x0d910000, 0x0de10db8, 0x0e7d0000)
  to   space 15104K,   0% used [0x0ca50000, 0x0ca50000, 0x0d910000)
 tenured generation   total 301328K, used 195834K [0x25400000, 0x37a44000, 0x65400000)
   the space 301328K,  64% used [0x25400000, 0x3133e8b0, 0x3133ea00, 0x37a44000)
 Metaspace       used 96753K, committed 97344K, reserved 98304K
}
Event: 346.999 GC heap before
{Heap before GC invocations=236 (full 10):
 def new generation   total 136256K, used 126275K [0x05400000, 0x0e7d0000, 0x25400000)
  eden space 121152K, 100% used [0x05400000, 0x0ca50000, 0x0ca50000)
  from space 15104K,  33% used [0x0d910000, 0x0de10db8, 0x0e7d0000)
  to   space 15104K,   0% used [0x0ca50000, 0x0ca50000, 0x0d910000)
 tenured generation   total 301328K, used 195834K [0x25400000, 0x37a44000, 0x65400000)
   the space 301328K,  64% used [0x25400000, 0x3133e8b0, 0x3133ea00, 0x37a44000)
 Metaspace       used 96756K, committed 97344K, reserved 98304K
}
Event: 347.010 GC heap after
{Heap after GC invocations=237 (full 10):
 def new generation   total 136256K, used 6703K [0x05400000, 0x0e7d0000, 0x25400000)
  eden space 121152K,   0% used [0x05400000, 0x05400000, 0x0ca50000)
  from space 15104K,  44% used [0x0ca50000, 0x0d0dbf18, 0x0d910000)
  to   space 15104K,   0% used [0x0d910000, 0x0d910000, 0x0e7d0000)
 tenured generation   total 301328K, used 195834K [0x25400000, 0x37a44000, 0x65400000)
   the space 301328K,  64% used [0x25400000, 0x3133e8b0, 0x3133ea00, 0x37a44000)
 Metaspace       used 96756K, committed 97344K, reserved 98304K
}
Event: 347.382 GC heap before
{Heap before GC invocations=237 (full 10):
 def new generation   total 136256K, used 127855K [0x05400000, 0x0e7d0000, 0x25400000)
  eden space 121152K, 100% used [0x05400000, 0x0ca50000, 0x0ca50000)
  from space 15104K,  44% used [0x0ca50000, 0x0d0dbf18, 0x0d910000)
  to   space 15104K,   0% used [0x0d910000, 0x0d910000, 0x0e7d0000)
 tenured generation   total 301328K, used 195834K [0x25400000, 0x37a44000, 0x65400000)
   the space 301328K,  64% used [0x25400000, 0x3133e8b0, 0x3133ea00, 0x37a44000)
 Metaspace       used 96776K, committed 97344K, reserved 98304K
}
Event: 347.398 GC heap after
{Heap after GC invocations=238 (full 10):
 def new generation   total 136256K, used 10473K [0x05400000, 0x0e7d0000, 0x25400000)
  eden space 121152K,   0% used [0x05400000, 0x05400000, 0x0ca50000)
  from space 15104K,  69% used [0x0d910000, 0x0e34a700, 0x0e7d0000)
  to   space 15104K,   0% used [0x0ca50000, 0x0ca50000, 0x0d910000)
 tenured generation   total 301328K, used 195834K [0x25400000, 0x37a44000, 0x65400000)
   the space 301328K,  64% used [0x25400000, 0x3133e8b0, 0x3133ea00, 0x37a44000)
 Metaspace       used 96776K, committed 97344K, reserved 98304K
}
Event: 347.706 GC heap before
{Heap before GC invocations=238 (full 10):
 def new generation   total 136256K, used 131514K [0x05400000, 0x0e7d0000, 0x25400000)
  eden space 121152K,  99% used [0x05400000, 0x0ca34480, 0x0ca50000)
  from space 15104K,  69% used [0x0d910000, 0x0e34a700, 0x0e7d0000)
  to   space 15104K,   0% used [0x0ca50000, 0x0ca50000, 0x0d910000)
 tenured generation   total 301328K, used 195834K [0x25400000, 0x37a44000, 0x65400000)
   the space 301328K,  64% used [0x25400000, 0x3133e8b0, 0x3133ea00, 0x37a44000)
 Metaspace       used 97112K, committed 97664K, reserved 98304K
}
Event: 347.720 GC heap after
{Heap after GC invocations=239 (full 10):
 def new generation   total 136256K, used 5674K [0x05400000, 0x0e7d0000, 0x25400000)
  eden space 121152K,   0% used [0x05400000, 0x05400000, 0x0ca50000)
  from space 15104K,  37% used [0x0ca50000, 0x0cfda9e0, 0x0d910000)
  to   space 15104K,   0% used [0x0d910000, 0x0d910000, 0x0e7d0000)
 tenured generation   total 301328K, used 200463K [0x25400000, 0x37a44000, 0x65400000)
   the space 301328K,  66% used [0x25400000, 0x317c3f38, 0x317c4000, 0x37a44000)
 Metaspace       used 97112K, committed 97664K, reserved 98304K
}

